-------------------------------------------------------------------------------
Test set: testcases.TestRunner
-------------------------------------------------------------------------------
Tests run: 5, Failures: 0, Errors: 5, Skipped: 0, Time elapsed: 0.835 s <<< FAILURE! -- in testcases.TestRunner
Compose and Send Email in Gmail.Send an email successfully -- Time elapsed: 0.152 s <<< ERROR!
java.lang.IllegalStateException: The path to the driver executable The path to the driver executable must be set by the webdriver.chrome.driver system property; for more information, see https://github.com/SeleniumHQ/selenium/wiki/ChromeDriver. The latest version can be downloaded from https://chromedriver.storage.googleapis.com/index.html
	at org.openqa.selenium.internal.Require$StateChecker.nonNull(Require.java:280)
	at org.openqa.selenium.remote.service.DriverService.findExecutable(DriverService.java:135)
	at org.openqa.selenium.chrome.ChromeDriverService.access$000(ChromeDriverService.java:38)
	at org.openqa.selenium.chrome.ChromeDriverService$Builder.findDefaultExecutable(ChromeDriverService.java:231)
	at org.openqa.selenium.remote.service.DriverService$Builder.build(DriverService.java:437)
	at org.openqa.selenium.chrome.ChromeDriverService.createDefaultService(ChromeDriverService.java:127)
	at org.openqa.selenium.chrome.ChromeDriver.<init>(ChromeDriver.java:46)
	at testcases.ComposeEmailSteps.i_am_logged_into_gmail(ComposeEmailSteps.java:17)
	at ✽.I am logged into Gmail(file:///C:/Users/SahdhH/eclipse-workspace/Incubyte-assesment/src/test/resources/ComposeEmail.feature:4)

Compose and Send Email in Gmail.Verify email appears in Sent folder -- Time elapsed: 0.041 s <<< ERROR!
io.cucumber.junit.UndefinedStepException: 
The step 'an email was sent with subject "Incubyte"' and 2 other step(s) are undefined.
You can implement these steps using the snippet(s) below:

@Given("an email was sent with subject {string}")
public void an_email_was_sent_with_subject(String string) {
    // Write code here that turns the phrase above into concrete actions
    throw new io.cucumber.java.PendingException();
}
@When("I navigate to the {string} folder")
public void i_navigate_to_the_folder(String string) {
    // Write code here that turns the phrase above into concrete actions
    throw new io.cucumber.java.PendingException();
}
@Then("I should see an email with the subject {string}")
public void i_should_see_an_email_with_the_subject(String string) {
    // Write code here that turns the phrase above into concrete actions
    throw new io.cucumber.java.PendingException();
}


Compose and Send Email in Gmail.Error when sending email without recipient -- Time elapsed: 0.018 s <<< ERROR!
java.lang.IllegalStateException: The path to the driver executable The path to the driver executable must be set by the webdriver.chrome.driver system property; for more information, see https://github.com/SeleniumHQ/selenium/wiki/ChromeDriver. The latest version can be downloaded from https://chromedriver.storage.googleapis.com/index.html
	at org.openqa.selenium.internal.Require$StateChecker.nonNull(Require.java:280)
	at org.openqa.selenium.remote.service.DriverService.findExecutable(DriverService.java:135)
	at org.openqa.selenium.chrome.ChromeDriverService.access$000(ChromeDriverService.java:38)
	at org.openqa.selenium.chrome.ChromeDriverService$Builder.findDefaultExecutable(ChromeDriverService.java:231)
	at org.openqa.selenium.remote.service.DriverService$Builder.build(DriverService.java:437)
	at org.openqa.selenium.chrome.ChromeDriverService.createDefaultService(ChromeDriverService.java:127)
	at org.openqa.selenium.chrome.ChromeDriver.<init>(ChromeDriver.java:46)
	at testcases.ComposeEmailSteps.i_am_logged_into_gmail(ComposeEmailSteps.java:17)
	at ✽.I am logged into Gmail(file:///C:/Users/SahdhH/eclipse-workspace/Incubyte-assesment/src/test/resources/ComposeEmail.feature:19)

Compose and Send Email in Gmail.Warning when sending email without subject -- Time elapsed: 0.012 s <<< ERROR!
java.lang.IllegalStateException: The path to the driver executable The path to the driver executable must be set by the webdriver.chrome.driver system property; for more information, see https://github.com/SeleniumHQ/selenium/wiki/ChromeDriver. The latest version can be downloaded from https://chromedriver.storage.googleapis.com/index.html
	at org.openqa.selenium.internal.Require$StateChecker.nonNull(Require.java:280)
	at org.openqa.selenium.remote.service.DriverService.findExecutable(DriverService.java:135)
	at org.openqa.selenium.chrome.ChromeDriverService.access$000(ChromeDriverService.java:38)
	at org.openqa.selenium.chrome.ChromeDriverService$Builder.findDefaultExecutable(ChromeDriverService.java:231)
	at org.openqa.selenium.remote.service.DriverService$Builder.build(DriverService.java:437)
	at org.openqa.selenium.chrome.ChromeDriverService.createDefaultService(ChromeDriverService.java:127)
	at org.openqa.selenium.chrome.ChromeDriver.<init>(ChromeDriver.java:46)
	at testcases.ComposeEmailSteps.i_am_logged_into_gmail(ComposeEmailSteps.java:17)
	at ✽.I am logged into Gmail(file:///C:/Users/SahdhH/eclipse-workspace/Incubyte-assesment/src/test/resources/ComposeEmail.feature:28)

Compose and Send Email in Gmail.Send email with empty body successfully -- Time elapsed: 0.017 s <<< ERROR!
java.lang.IllegalStateException: The path to the driver executable The path to the driver executable must be set by the webdriver.chrome.driver system property; for more information, see https://github.com/SeleniumHQ/selenium/wiki/ChromeDriver. The latest version can be downloaded from https://chromedriver.storage.googleapis.com/index.html
	at org.openqa.selenium.internal.Require$StateChecker.nonNull(Require.java:280)
	at org.openqa.selenium.remote.service.DriverService.findExecutable(DriverService.java:135)
	at org.openqa.selenium.chrome.ChromeDriverService.access$000(ChromeDriverService.java:38)
	at org.openqa.selenium.chrome.ChromeDriverService$Builder.findDefaultExecutable(ChromeDriverService.java:231)
	at org.openqa.selenium.remote.service.DriverService$Builder.build(DriverService.java:437)
	at org.openqa.selenium.chrome.ChromeDriverService.createDefaultService(ChromeDriverService.java:127)
	at org.openqa.selenium.chrome.ChromeDriver.<init>(ChromeDriver.java:46)
	at testcases.ComposeEmailSteps.i_am_logged_into_gmail(ComposeEmailSteps.java:17)
	at ✽.I am logged into Gmail(file:///C:/Users/SahdhH/eclipse-workspace/Incubyte-assesment/src/test/resources/ComposeEmail.feature:37)

